<beans xmlns="http://www.springframework.org/schema/beans"
       xmlns:xsi="http://www.w3.org/2001/XMLSchema-instance"
       xmlns:aop="http://www.springframework.org/schema/aop"
       xmlns:context="http://www.springframework.org/schema/context"
       xmlns:tx="http://www.springframework.org/schema/tx"
       xsi:schemaLocation="http://www.springframework.org/schema/beans
                http://www.springframework.org/schema/beans/spring-beans-3.0.xsd
                http://www.springframework.org/schema/aop
                http://www.springframework.org/schema/aop/spring-aop-3.0.xsd
                http://www.springframework.org/schema/context
                http://www.springframework.org/schema/context/spring-context-3.0.xsd
                http://www.springframework.org/schema/tx
                http://www.springframework.org/schema/tx/spring-tx-2.5.xsd">

    <import resource="classpath:userPrivateData.xml" />
    <tx:annotation-driven />
    <context:annotation-config/>

    <bean id="transactionManager" class="org.springframework.jdbc.datasource.DataSourceTransactionManager">
        <property name="dataSource" ref="testDataSource" />
    </bean>

    <bean id="mailSender" class="springbook.user.service.DummyMailSender" />

    <bean id="userService" class="springbook.user.service.UserServiceImpl">
        <property name="userDao" ref="userDao" />
        <property name="mailSender" ref="mailSender" />
    </bean>

    <bean id="testUserService" class="springbook.user.test.UserServiceTest$TestUserServiceImpl"
          parent="userService" />

    <bean id="sqlService" class="springbook.user.sqlservice.BaseSqlService">
        <property name="sqlReader" ref="sqlReader" />
        <property name="sqlRegistry" ref="sqlRegistry" />
    </bean>

    <bean id="sqlReader" class="springbook.user.sqlservice.JaxbXmlSqlReader">
        <property name="sqlmapFile" value="userSqlmap.xml" />
    </bean>

    <bean id="sqlRegistry" class="springbook.user.sqlservice.HashMapSqlRegistry">

    </bean>

    <bean id="userDao" class="springbook.user.dao.UserDaoJdbc">
        <property name="dataSource" ref="testDataSource" />
        <property name="sqlService" ref="sqlService" />
    </bean>

    <tx:advice id="transactionAdvice" transaction-manager="transactionManager">
        <tx:attributes>
            <tx:method name="get*" read-only="true" />
            <tx:method name="*"  />
        </tx:attributes>
    </tx:advice>

    <aop:config>
        <aop:advisor advice-ref="transactionAdvice" pointcut="bean(*Service)" />
    </aop:config>

    <bean class="org.springframework.aop.framework.autoproxy.DefaultAdvisorAutoProxyCreator" />
</beans>