<beans xmlns="http://www.springframework.org/schema/beans"
       xmlns:xsi="http://www.w3.org/2001/XMLSchema-instance"
       xmlns:aop="http://www.springframework.org/schema/aop"
       xsi:schemaLocation="http://www.springframework.org/schema/beans
                http://www.springframework.org/schema/beans/spring-beans-3.0.xsd
                http://www.springframework.org/schema/aop
                http://www.springframework.org/schema/aop/spring-aop-3.0.xsd">

    <import resource="classpath:userPrivateData.xml" />

    <bean id="transactionManager" class="org.springframework.jdbc.datasource.DataSourceTransactionManager">
        <property name="dataSource" ref="testDataSource" />
    </bean>

    <bean id="mailSender" class="springbook.user.service.DummyMailSender" />

    <bean id="userService" class="springbook.user.service.UserServiceImpl">
        <property name="userDao" ref="userDao" />
        <property name="mailSender" ref="mailSender" />
    </bean>

    <bean id="testUserService" class="springbook.user.test.UserServiceTest$TestUserServiceImpl"
          parent="userService" />

    <bean id="userDao" class="springbook.user.dao.UserDaoJdbc">
        <property name="dataSource" ref="testDataSource" />
    </bean>

    <bean id="transactionAdvice" class="springbook.user.service.TransactionAdvice">
        <property name="transactionManager" ref="transactionManager" />
    </bean>

    <aop:config>
        <aop:pointcut id="transactionPointcut" expression="execution(* *..*ServiceImpl.upgrade*(..))"/>
        <aop:advisor advice-ref="transactionAdvice" pointcut-ref="transactionPointcut" />
    </aop:config>

    <bean class="org.springframework.aop.framework.autoproxy.DefaultAdvisorAutoProxyCreator" />
</beans>