<beans xmlns="http://www.springframework.org/schema/beans"
       xmlns:xsi="http://www.w3.org/2001/XMLSchema-instance"
       xsi:schemaLocation="http://www.springframework.org/schema/beans
                http://www.springframework.org/schema/beans/spring-beans-3.0.xsd">

    <import resource="classpath:userPrivateData.xml" />

    <bean id="transactionManager" class="org.springframework.jdbc.datasource.DataSourceTransactionManager">
        <property name="dataSource" ref="testDataSource" />
    </bean>

    <bean id="mailSender" class="springbook.user.service.DummyMailSender" />

    <bean id="userService" class="springbook.user.service.UserServiceTx">
        <property name="transactionManager" ref="transactionManager" />
        <property name="userService" ref="userServiceImpl" />
    </bean>

    <bean id="userServiceImpl" class="springbook.user.service.UserServiceImpl">
        <property name="userDao" ref="userDao" />
        <property name="mailSender" ref="mailSender" />
    </bean>

    <bean id="userDao" class="springbook.user.dao.UserDaoJdbc">
        <property name="dataSource" ref="testDataSource" />
    </bean>
</beans>