<beans xmlns="http://www.springframework.org/schema/beans"
       xmlns:xsi="http://www.w3.org/2001/XMLSchema-instance"
       xsi:schemaLocation="http://www.springframework.org/schema/beans
                http://www.springframework.org/schema/beans/spring-beans-3.0.xsd">

    <import resource="classpath:userPrivateData.xml" />

    <bean id="transactionManager" class="org.springframework.jdbc.datasource.DataSourceTransactionManager">
        <property name="dataSource" ref="testDataSource" />
    </bean>

    <bean id="mailSender" class="springbook.user.service.DummyMailSender" />

    <bean id="userService" class="org.springframework.aop.framework.ProxyFactoryBean">
        <property name="target" ref="userServiceImpl" />
        <property name="interceptorNames">
            <list>
                <value>transactionAdvisor</value>
            </list>
        </property>
    </bean>

    <bean id="userServiceImpl" class="springbook.user.service.UserServiceImpl">
        <property name="userDao" ref="userDao" />
        <property name="mailSender" ref="mailSender" />
    </bean>

    <bean id="userDao" class="springbook.user.dao.UserDaoJdbc">
        <property name="dataSource" ref="testDataSource" />
    </bean>

    <bean id="transactionAdvice" class="springbook.user.service.TransactionAdvice">
        <property name="transactionManager" ref="transactionManager" />
    </bean>

    <bean id="transactionPointcut"
          class="org.springframework.aop.support.NameMatchMethodPointcut">
        <property name="mappedName" value="upgrade*" />
    </bean>

    <bean id="transactionPointAdvisor"
            class="org.springframework.aop.support.DefaultPointcutAdvisor">
        <property name="advice" ref="transactionAdvice"/>
        <property name="pointcut" ref="transactionPointcut" />
    </bean>
</beans>